
 /----------------------------------------------------------------------------\
 |  yosys -- Yosys Open SYnthesis Suite                                       |
 |  Copyright (C) 2012 - 2024  Claire Xenia Wolf <claire@yosyshq.com>         |
 |  Distributed under an ISC-like license, type "license" to see terms        |
 \----------------------------------------------------------------------------/
 Yosys 0.43+11 (git sha1 49f547782, clang++ 14.0.0-1ubuntu1.1 -fPIC -Os)

-- Executing script file `Alu.ees/Alu.yosys' --

1. Executing GHDL.
Importing module ALU.

2. Executing PREP pass.

2.1. Executing HIERARCHY pass (managing design hierarchy).

2.2. Executing PROC pass (convert processes to netlists).

2.2.1. Executing PROC_CLEAN pass (remove empty switches from decision trees).
Cleaned up 0 empty switches.

2.2.2. Executing PROC_RMDEAD pass (remove dead branches from decision trees).
Removed a total of 0 dead cases.

2.2.3. Executing PROC_PRUNE pass (remove redundant assignments in processes).
Removed 0 redundant assignments.
Promoted 0 assignments to connections.

2.2.4. Executing PROC_INIT pass (extract init attributes).

2.2.5. Executing PROC_ARST pass (detect async resets in processes).

2.2.6. Executing PROC_ROM pass (convert switches to ROMs).
Converted 0 switches.

2.2.7. Executing PROC_MUX pass (convert decision trees to multiplexers).

2.2.8. Executing PROC_DLATCH pass (convert process syncs to latches).

2.2.9. Executing PROC_DFF pass (convert process syncs to FFs).

2.2.10. Executing PROC_MEMWR pass (convert process memory writes to cells).

2.2.11. Executing PROC_CLEAN pass (remove empty switches from decision trees).
Cleaned up 0 empty switches.

2.2.12. Executing OPT_EXPR pass (perform const folding).
Optimizing module ALU.
<suppressed ~2 debug messages>

2.3. Executing FUTURE pass.

2.4. Executing OPT_EXPR pass (perform const folding).
Optimizing module ALU.

2.5. Executing OPT_CLEAN pass (remove unused cells and wires).
Finding unused cells or wires in module \ALU..
Removed 0 unused cells and 2 unused wires.
<suppressed ~1 debug messages>

2.6. Executing CHECK pass (checking for obvious problems).
Checking module ALU...
Found and reported 0 problems.

2.7. Executing OPT pass (performing simple optimizations).

2.7.1. Executing OPT_EXPR pass (perform const folding).
Optimizing module ALU.

2.7.2. Executing OPT_MERGE pass (detect identical cells).
Finding identical cells in module `\ALU'.
Removed a total of 0 cells.

2.7.3. Executing OPT_MUXTREE pass (detect dead branches in mux trees).
Running muxtree optimizer on module \ALU..
  Creating internal representation of mux trees.
  Evaluating internal representation of mux trees.
  Analyzing evaluation results.
Removed 0 multiplexer ports.
<suppressed ~2 debug messages>

2.7.4. Executing OPT_REDUCE pass (consolidate $*mux and $reduce_* inputs).
  Optimizing cells in module \ALU.
Performed a total of 0 changes.

2.7.5. Executing OPT_MERGE pass (detect identical cells).
Finding identical cells in module `\ALU'.
Removed a total of 0 cells.

2.7.6. Executing OPT_CLEAN pass (remove unused cells and wires).
Finding unused cells or wires in module \ALU..

2.7.7. Executing OPT_EXPR pass (perform const folding).
Optimizing module ALU.

2.7.8. Finished OPT passes. (There is nothing left to do.)

2.8. Executing WREDUCE pass (reducing word size of cells).
Removed top 2 bits (of 3) from port B of cell ALU.\9 ($eq).
Removed top 1 bits (of 3) from port B of cell ALU.\12 ($eq).
Removed top 1 bits (of 3) from port B of cell ALU.\15 ($eq).

2.9. Executing OPT_CLEAN pass (remove unused cells and wires).
Finding unused cells or wires in module \ALU..

2.10. Executing MEMORY_COLLECT pass (generating $mem cells).

2.11. Executing OPT pass (performing simple optimizations).

2.11.1. Executing OPT_EXPR pass (perform const folding).
Optimizing module ALU.

2.11.2. Executing OPT_MERGE pass (detect identical cells).
Finding identical cells in module `\ALU'.
Removed a total of 0 cells.

2.11.3. Executing OPT_CLEAN pass (remove unused cells and wires).
Finding unused cells or wires in module \ALU..

2.11.4. Finished fast OPT passes.

2.12. Printing statistics.

=== ALU ===

   Number of wires:                 20
   Number of wire bits:            157
   Number of public wires:           5
   Number of public wire bits:      52
   Number of ports:                  5
   Number of port bits:             52
   Number of memories:               0
   Number of memory bits:            0
   Number of processes:              0
   Number of cells:                 17
     $add                            1
     $and                            1
     $eq                             7
     $logic_not                      2
     $mux                            1
     $not                            1
     $or                             1
     $pmux                           1
     $sub                            1
     $xor                            1

2.13. Executing CHECK pass (checking for obvious problems).
Checking module ALU...
Found and reported 0 problems.

3. Executing JSON backend.

End of script. Logfile hash: e92c16f747, CPU: user 0.03s system 0.02s, MEM: 20.50 MB peak
Yosys 0.43+11 (git sha1 49f547782, clang++ 14.0.0-1ubuntu1.1 -fPIC -Os)
Time spent: 65% 1x ghdl (0 sec), 8% 5x opt_expr (0 sec), ...
